<?xml version="1.0" encoding="utf-8"?><testsuites name="pytest tests"><testsuite name="pytest" errors="0" failures="0" skipped="0" tests="100" time="7.740" timestamp="2026-08-05T10:50:58.361075+08:00" hostname="LAPTOP-ROP9INFF"><testcase classname="tests.test_01_unit" name="test_canonical_behavioural_labels" time="0.001" /><testcase classname="tests.test_01_unit" name="test_temporal_window_is_five" time="0.000" /><testcase classname="tests.test_01_unit" name="test_probability_normalisation" time="0.001" /><testcase classname="tests.test_01_unit" name="test_probability_normalisation_clamps_invalid_values" time="0.000" /><testcase classname="tests.test_01_unit" name="test_zero_distribution_becomes_uniform" time="0.000" /><testcase classname="tests.test_01_unit" name="test_probability_validator_accepts_valid_distribution" time="0.001" /><testcase classname="tests.test_01_unit" name="test_probability_validator_rejects_invalid_sum" time="0.001" /><testcase classname="tests.test_01_unit" name="test_confidence_thresholds[0.0-Low]" time="0.001" /><testcase classname="tests.test_01_unit" name="test_confidence_thresholds[0.149999-Low]" time="0.001" /><testcase classname="tests.test_01_unit" name="test_confidence_thresholds[0.15-Medium]" time="0.000" /><testcase classname="tests.test_01_unit" name="test_confidence_thresholds[0.2-Medium]" time="0.000" /><testcase classname="tests.test_01_unit" name="test_confidence_thresholds[0.349999-Medium]" time="0.000" /><testcase classname="tests.test_01_unit" name="test_confidence_thresholds[0.35-High]" time="0.000" /><testcase classname="tests.test_01_unit" name="test_confidence_thresholds[0.8-High]" time="0.000" /><testcase classname="tests.test_01_unit" name="test_probability_summary" time="0.001" /><testcase classname="tests.test_01_unit" name="test_temporal_aggregation_uses_arithmetic_mean" time="0.000" /><testcase classname="tests.test_01_unit" name="test_temporal_engine_first_observation_equals_raw" time="0.001" /><testcase classname="tests.test_01_unit" name="test_temporal_engine_retains_latest_five_only" time="0.001" /><testcase classname="tests.test_01_unit" name="test_temporal_reset_increments_generation" time="0.000" /><testcase classname="tests.test_01_unit" name="test_stale_generation_is_rejected" time="0.000" /><testcase classname="tests.test_01_unit" name="test_temporal_engines_are_isolated" time="0.000" /><testcase classname="tests.test_01_unit" name="test_web_parse_keystrokes" time="5.786" /><testcase classname="tests.test_01_unit" name="test_web_parse_invalid_keystrokes_returns_empty" time="0.001" /><testcase classname="tests.test_01_unit" name="test_web_keystroke_feature_construction" time="0.002" /><testcase classname="tests.test_01_unit" name="test_web_keystroke_feature_threshold" time="0.002" /><testcase classname="tests.test_01_unit" name="test_validate_session_id" time="0.001" /><testcase classname="tests.test_01_unit" name="test_safe_suffix" time="0.001" /><testcase classname="tests.test_02_integration" name="test_required_project_model_artifacts_exist" time="0.001" /><testcase classname="tests.test_02_integration" name="test_original_and_calibrated_image_models_are_preserved" time="0.002" /><testcase classname="tests.test_02_integration" name="test_webcam_calibration_metadata_valid" time="0.001" /><testcase classname="tests.test_02_integration" name="test_fusion_schema_contains_all_modalities" time="0.002" /><testcase classname="tests.test_02_integration" name="test_image_schema_matches_clip_projection_dimension" time="0.001" /><testcase classname="tests.test_02_integration" name="test_webcam_augmented_fusion_schema_is_complete_when_present" time="0.001" /><testcase classname="tests.test_02_integration" name="test_fusion_model_loadable_and_classes_valid" time="0.137" /><testcase classname="tests.test_02_integration" name="test_fusion_model_feature_count_matches_schema_when_available" time="0.189" /><testcase classname="tests.test_02_integration" name="test_webcam_calibrated_model_loadable" time="0.038" /><testcase classname="tests.test_02_integration" name="test_final_inference_class_importable" time="0.002" /><testcase classname="tests.test_02_integration" name="test_final_inference_imports_shared_probability_contract" time="0.009" /><testcase classname="tests.test_02_integration" name="test_final_inference_does_not_own_temporal_engine" time="0.008" /><testcase classname="tests.test_02_integration" name="test_final_inference_public_api_preserved" time="0.002" /><testcase classname="tests.test_02_integration" name="test_web_session_state_has_independent_temporal_engines" time="0.011" /><testcase classname="tests.test_02_integration" name="test_web_build_prediction_result_uses_shared_engine" time="0.013" /><testcase classname="tests.test_02_integration" name="test_run_canonical_prediction_delegates_exact_api" time="0.013" /><testcase classname="tests.test_02_integration" name="test_evaluator_uses_canonical_temporal_engine" time="0.015" /><testcase classname="tests.test_02_integration" name="test_multimodal_comparison_uses_canonical_temporal_engine" time="0.016" /><testcase classname="tests.test_02_integration" name="test_multimodal_comparison_uses_group_aware_splitting" time="0.001" /><testcase classname="tests.test_03_system" name="test_health_endpoint" time="0.028" /><testcase classname="tests.test_03_system" name="test_model_status_endpoint" time="0.007" /><testcase classname="tests.test_03_system" name="test_predict_live_rejects_short_text" time="0.008" /><testcase classname="tests.test_03_system" name="test_predict_live_rejects_insufficient_keystrokes" time="0.006" /><testcase classname="tests.test_03_system" name="test_exactly_twenty_keydowns_are_recognised" time="0.001" /><testcase classname="tests.test_03_system" name="test_reset_temporal_endpoint" time="0.009" /><testcase classname="tests.test_03_system" name="test_reset_temporal_rejects_empty_session_id" time="0.005" /><testcase classname="tests.test_03_system" name="test_full_reset_clears_persistent_sources" time="0.007" /><testcase classname="tests.test_03_system" name="test_predict_live_rejects_stale_generation" time="0.010" /><testcase classname="tests.test_03_system" name="test_complete_mock_live_fusion_pipeline" time="0.076" /><testcase classname="tests.test_03_system" name="test_visual_source_change_resets_temporal_history" time="0.008" /><testcase classname="tests.test_03_system" name="test_stop_webcam_does_not_increment_generation" time="0.014" /><testcase classname="tests.test_03_system" name="test_frontend_contains_required_visual_capture_components" time="0.002" /><testcase classname="tests.test_03_system" name="test_frontend_contains_generation_safety" time="0.002" /><testcase classname="tests.test_03_system" name="test_frontend_uses_fixed_audio_source" time="0.002" /><testcase classname="tests.test_03_system" name="test_frontend_displays_raw_and_temporal_results" time="0.001" /><testcase classname="tests.test_04_acceptance" name="test_project_contains_required_application_files" time="0.001" /><testcase classname="tests.test_04_acceptance" name="test_project_contains_three_distinct_pretrained_encoders" time="0.001" /><testcase classname="tests.test_04_acceptance" name="test_final_inference_uses_three_pretrained_domains" time="0.001" /><testcase classname="tests.test_04_acceptance" name="test_final_fusion_model_and_schema_exist" time="0.001" /><testcase classname="tests.test_04_acceptance" name="test_fusion_schema_combines_all_four_modalities" time="0.001" /><testcase classname="tests.test_04_acceptance" name="test_temporal_fusion_is_single_source_of_truth" time="0.001" /><testcase classname="tests.test_04_acceptance" name="test_final_inference_is_stateless" time="0.016" /><testcase classname="tests.test_04_acceptance" name="test_desktop_uses_shared_temporal_engine" time="0.017" /><testcase classname="tests.test_04_acceptance" name="test_web_backend_uses_per_session_shared_temporal_engine" time="0.009" /><testcase classname="tests.test_04_acceptance" name="test_evaluation_uses_same_temporal_engine" time="0.014" /><testcase classname="tests.test_04_acceptance" name="test_training_comparison_uses_same_temporal_engine" time="0.022" /><testcase classname="tests.test_04_acceptance" name="test_javascript_does_not_own_temporal_mathematics" time="0.001" /><testcase classname="tests.test_04_acceptance" name="test_javascript_has_generation_safe_client_state" time="0.001" /><testcase classname="tests.test_04_acceptance" name="test_web_supports_fixed_audio_source" time="0.007" /><testcase classname="tests.test_04_acceptance" name="test_web_supports_image_video_and_webcam" time="0.001" /><testcase classname="tests.test_04_acceptance" name="test_live_four_modality_gating_is_present" time="0.001" /><testcase classname="tests.test_04_acceptance" name="test_temporal_reset_and_full_reset_endpoints_exist" time="0.001" /><testcase classname="tests.test_04_acceptance" name="test_source_changes_reset_temporal_generation" time="0.001" /><testcase classname="tests.test_04_acceptance" name="test_web_interface_exposes_final_prediction_and_confidence" time="0.001" /><testcase classname="tests.test_04_acceptance" name="test_web_interface_exposes_raw_vs_temporal_diagnostics" time="0.001" /><testcase classname="tests.test_04_acceptance" name="test_web_interface_exposes_calibrated_visual_diagnostic" time="0.001" /><testcase classname="tests.test_04_acceptance" name="test_original_and_calibrated_visual_models_are_preserved" time="0.001" /><testcase classname="tests.test_04_acceptance" name="test_final_inference_owns_webcam_calibration_integration" time="0.003" /><testcase classname="tests.test_04_acceptance" name="test_evaluation_script_distinguishes_raw_and_temporal_results" time="0.002" /><testcase classname="tests.test_04_acceptance" name="test_comparison_script_uses_untouched_group_aware_holdout" time="0.002" /><testcase classname="tests.test_04_acceptance" name="test_complete_automated_test_structure_exists" time="0.001" /><testcase classname="tests.test_sensefuzeai" name="test_required_project_files_exist" time="0.001" /><testcase classname="tests.test_sensefuzeai" name="test_temporal_fusion_smoke" time="0.001" /><testcase classname="tests.test_sensefuzeai" name="test_temporal_reset_smoke" time="0.001" /><testcase classname="tests.test_sensefuzeai" name="test_probability_normalisation_smoke" time="0.001" /><testcase classname="tests.test_sensefuzeai" name="test_fusion_schema_is_multimodal" time="0.002" /><testcase classname="tests.test_sensefuzeai" name="test_final_inference_remains_stateless" time="0.002" /><testcase classname="tests.test_sensefuzeai" name="test_desktop_and_web_use_shared_temporal_engine" time="0.003" /><testcase classname="tests.test_sensefuzeai" name="test_web_health_and_status_routes" time="0.025" /><testcase classname="tests.test_sensefuzeai" name="test_web_temporal_reset_route" time="0.019" /><testcase classname="tests.test_sensefuzeai" name="test_frontend_supports_complete_source_lifecycle" time="0.001" /><testcase classname="tests.test_sensefuzeai" name="test_frontend_does_not_contain_old_temporal_implementation" time="0.001" /><testcase classname="tests.test_sensefuzeai" name="test_frontend_exposes_raw_and_temporal_output" time="0.001" /></testsuite></testsuites>