<?xml version="1.0" encoding="utf-8"?><testsuites name="pytest tests"><testsuite name="pytest" errors="0" failures="0" skipped="0" tests="12" time="5.945" timestamp="2026-08-05T10:51:53.942590+08:00" hostname="LAPTOP-ROP9INFF"><testcase classname="tests.test_sensefuzeai" name="test_required_project_files_exist" time="0.001" /><testcase classname="tests.test_sensefuzeai" name="test_temporal_fusion_smoke" time="0.001" /><testcase classname="tests.test_sensefuzeai" name="test_temporal_reset_smoke" time="0.001" /><testcase classname="tests.test_sensefuzeai" name="test_probability_normalisation_smoke" time="0.001" /><testcase classname="tests.test_sensefuzeai" name="test_fusion_schema_is_multimodal" time="0.002" /><testcase classname="tests.test_sensefuzeai" name="test_final_inference_remains_stateless" time="0.001" /><testcase classname="tests.test_sensefuzeai" name="test_desktop_and_web_use_shared_temporal_engine" time="0.001" /><testcase classname="tests.test_sensefuzeai" name="test_web_health_and_status_routes" time="5.578" /><testcase classname="tests.test_sensefuzeai" name="test_web_temporal_reset_route" time="0.014" /><testcase classname="tests.test_sensefuzeai" name="test_frontend_supports_complete_source_lifecycle" time="0.001" /><testcase classname="tests.test_sensefuzeai" name="test_frontend_does_not_contain_old_temporal_implementation" time="0.001" /><testcase classname="tests.test_sensefuzeai" name="test_frontend_exposes_raw_and_temporal_output" time="0.001" /></testsuite></testsuites>